DPTraining/Library/Bee/Android/Prj/IL2CPP/Gradle/launcher/build/intermediates/manifest_merge_blame_file/release/manifest-merger-blame-release-report.txt
1<?xml version="1.0" encoding="utf-8"?>
2<manifest xmlns:android="http://schemas.android.com/apk/res/android"
3    package="com.Debbie.DPTraining"
4    android:installLocation="auto"
5    android:versionCode="1"
6    android:versionName="1.3.0" >
7
8    <uses-sdk
9        android:minSdkVersion="29"
9-->src\main\AndroidManifest.xml
10        android:targetSdkVersion="30" />
10-->src\main\AndroidManifest.xml
11
12    <supports-screens
12-->src\main\AndroidManifest.xml:3:3-163
13        android:anyDensity="true"
13-->src\main\AndroidManifest.xml:3:135-160
14        android:largeScreens="true"
14-->src\main\AndroidManifest.xml:3:78-105
15        android:normalScreens="true"
15-->src\main\AndroidManifest.xml:3:49-77
16        android:smallScreens="true"
16-->src\main\AndroidManifest.xml:3:21-48
17        android:xlargeScreens="true" />
17-->src\main\AndroidManifest.xml:3:106-134
18
19    <uses-feature android:glEsVersion="0x00030000" />
19-->[:unityLibrary] AndroidManifest.xml:13:5-54
19-->[:unityLibrary] AndroidManifest.xml:13:19-51
20    <uses-feature
20-->[:unityLibrary] AndroidManifest.xml:14:5-16:36
21        android:name="android.hardware.vulkan.version"
21-->[:unityLibrary] AndroidManifest.xml:15:9-55
22        android:required="false" />
22-->[:unityLibrary] AndroidManifest.xml:16:9-33
23
24    <supports-gl-texture android:name="GL_KHR_texture_compression_astc_ldr" />
24-->[:unityLibrary] AndroidManifest.xml:18:5-79
24-->[:unityLibrary] AndroidManifest.xml:18:26-76
25
26    <uses-permission android:name="android.permission.INTERNET" />
26-->[:unityLibrary] AndroidManifest.xml:20:5-67
26-->[:unityLibrary] AndroidManifest.xml:20:22-64
27    <uses-permission android:name="android.permission.RECORD_AUDIO" />
27-->[:unityLibrary] AndroidManifest.xml:21:5-71
27-->[:unityLibrary] AndroidManifest.xml:21:22-68
28    <uses-permission android:name="android.permission.MODIFY_AUDIO_SETTINGS" />
28-->[:unityLibrary] AndroidManifest.xml:22:5-80
28-->[:unityLibrary] AndroidManifest.xml:22:22-77
29
30    <uses-feature
30-->[:unityLibrary] AndroidManifest.xml:24:5-26:36
31        android:name="android.hardware.microphone"
31-->[:unityLibrary] AndroidManifest.xml:25:9-51
32        android:required="false" />
32-->[:unityLibrary] AndroidManifest.xml:26:9-33
33    <uses-feature
33-->[:unityLibrary] AndroidManifest.xml:27:5-29:36
34        android:name="android.hardware.touchscreen"
34-->[:unityLibrary] AndroidManifest.xml:28:9-52
35        android:required="false" />
35-->[:unityLibrary] AndroidManifest.xml:29:9-33
36    <uses-feature
36-->[:unityLibrary] AndroidManifest.xml:30:5-32:36
37        android:name="android.hardware.touchscreen.multitouch"
37-->[:unityLibrary] AndroidManifest.xml:31:9-63
38        android:required="false" />
38-->[:unityLibrary] AndroidManifest.xml:32:9-33
39    <uses-feature
39-->[:unityLibrary] AndroidManifest.xml:33:5-35:36
40        android:name="android.hardware.touchscreen.multitouch.distinct"
40-->[:unityLibrary] AndroidManifest.xml:34:9-72
41        android:required="false" />
41-->[:unityLibrary] AndroidManifest.xml:35:9-33
42    <uses-feature
42-->[:unityLibrary] AndroidManifest.xml:36:5-39:31
43        android:name="android.hardware.vr.headtracking"
43-->[:unityLibrary] AndroidManifest.xml:37:9-56
44        android:required="true"
44-->[:unityLibrary] AndroidManifest.xml:38:9-32
45        android:version="1" />
45-->[:unityLibrary] AndroidManifest.xml:39:9-28
46    <uses-feature
46-->[:unityLibrary] AndroidManifest.xml:40:5-42:36
47        android:name="oculus.software.handtracking"
47-->[:unityLibrary] AndroidManifest.xml:41:9-52
48        android:required="false" />
48-->[:unityLibrary] AndroidManifest.xml:42:9-33
49
50    <uses-permission android:name="com.oculus.permission.HAND_TRACKING" />
50-->[:unityLibrary] AndroidManifest.xml:44:5-75
50-->[:unityLibrary] AndroidManifest.xml:44:22-72
51
52    <uses-feature
52-->[:unityLibrary] AndroidManifest.xml:46:5-48:35
53        android:name="com.oculus.feature.PASSTHROUGH"
53-->[:unityLibrary] AndroidManifest.xml:47:9-54
54        android:required="true" />
54-->[:unityLibrary] AndroidManifest.xml:48:9-32
55
56    <application
56-->src\main\AndroidManifest.xml:4:3-83
57        android:allowBackup="false"
57-->[:unityLibrary] AndroidManifest.xml:51:9-36
58        android:extractNativeLibs="true"
58-->[:unityLibrary] AndroidManifest.xml:52:9-41
59        android:icon="@mipmap/app_icon"
59-->src\main\AndroidManifest.xml:4:49-80
60        android:label="@string/app_name"
60-->src\main\AndroidManifest.xml:4:16-48
61        android:networkSecurityConfig="@xml/network_sec_config" >
61-->[:unityLibrary] AndroidManifest.xml:55:9-64
62        <activity
62-->[:unityLibrary] AndroidManifest.xml:56:9-80:20
63            android:name="com.unity3d.player.UnityPlayerActivity"
63-->[:unityLibrary] AndroidManifest.xml:57:13-66
64            android:configChanges="keyboard|keyboardHidden|navigation|orientation|screenLayout|screenSize|uiMode|density"
64-->[:unityLibrary] AndroidManifest.xml:58:13-122
65            android:hardwareAccelerated="false"
65-->[:unityLibrary] AndroidManifest.xml:59:13-48
66            android:launchMode="singleTask"
66-->[:unityLibrary] AndroidManifest.xml:60:13-44
67            android:resizeableActivity="false"
67-->[:unityLibrary] AndroidManifest.xml:61:13-47
68            android:screenOrientation="landscape"
68-->[:unityLibrary] AndroidManifest.xml:62:13-50
69            android:theme="@android:style/Theme.Black.NoTitleBar.Fullscreen" >
69-->[:unityLibrary] AndroidManifest.xml:63:13-77
70            <intent-filter>
70-->[:unityLibrary] AndroidManifest.xml:64:13-69:29
71                <action android:name="android.intent.action.MAIN" />
71-->[:unityLibrary] AndroidManifest.xml:65:17-69
71-->[:unityLibrary] AndroidManifest.xml:65:25-66
72
73                <category android:name="android.intent.category.LAUNCHER" />
73-->[:unityLibrary] AndroidManifest.xml:67:17-77
73-->[:unityLibrary] AndroidManifest.xml:67:27-74
74                <category android:name="com.oculus.intent.category.VR" />
74-->[:unityLibrary] AndroidManifest.xml:68:17-74
74-->[:unityLibrary] AndroidManifest.xml:68:27-71
75            </intent-filter>
76
77            <meta-data
77-->[:unityLibrary] AndroidManifest.xml:71:13-73:40
78                android:name="unityplayer.UnityActivity"
78-->[:unityLibrary] AndroidManifest.xml:72:17-57
79                android:value="true" />
79-->[:unityLibrary] AndroidManifest.xml:73:17-37
80            <meta-data
80-->[:unityLibrary] AndroidManifest.xml:74:13-76:40
81                android:name="android.notch_support"
81-->[:unityLibrary] AndroidManifest.xml:75:17-53
82                android:value="true" />
82-->[:unityLibrary] AndroidManifest.xml:76:17-37
83            <meta-data
83-->[:unityLibrary] AndroidManifest.xml:77:13-79:40
84                android:name="com.oculus.vr.focusaware"
84-->[:unityLibrary] AndroidManifest.xml:78:17-56
85                android:value="true" />
85-->[:unityLibrary] AndroidManifest.xml:79:17-37
86        </activity>
87
88        <meta-data
88-->[:unityLibrary] AndroidManifest.xml:82:9-84:33
89            android:name="unity.splash-mode"
89-->[:unityLibrary] AndroidManifest.xml:83:13-45
90            android:value="0" />
90-->[:unityLibrary] AndroidManifest.xml:84:13-30
91        <meta-data
91-->[:unityLibrary] AndroidManifest.xml:85:9-87:36
92            android:name="unity.splash-enable"
92-->[:unityLibrary] AndroidManifest.xml:86:13-47
93            android:value="True" />
93-->[:unityLibrary] AndroidManifest.xml:87:13-33
94        <meta-data
94-->[:unityLibrary] AndroidManifest.xml:88:9-90:36
95            android:name="unity.launch-fullscreen"
95-->[:unityLibrary] AndroidManifest.xml:89:13-51
96            android:value="True" />
96-->[:unityLibrary] AndroidManifest.xml:90:13-33
97        <meta-data
97-->[:unityLibrary] AndroidManifest.xml:91:9-93:37
98            android:name="unity.allow-resizable-window"
98-->[:unityLibrary] AndroidManifest.xml:92:13-56
99            android:value="False" />
99-->[:unityLibrary] AndroidManifest.xml:93:13-34
100        <meta-data
100-->[:unityLibrary] AndroidManifest.xml:94:9-96:50
101            android:name="notch.config"
101-->[:unityLibrary] AndroidManifest.xml:95:13-40
102            android:value="portrait|landscape" />
102-->[:unityLibrary] AndroidManifest.xml:96:13-47
103        <meta-data
103-->[:unityLibrary] AndroidManifest.xml:97:9-99:35
104            android:name="com.oculus.handtracking.frequency"
104-->[:unityLibrary] AndroidManifest.xml:98:13-61
105            android:value="LOW" />
105-->[:unityLibrary] AndroidManifest.xml:99:13-32
106        <meta-data
106-->[:unityLibrary] AndroidManifest.xml:100:9-102:39
107            android:name="com.samsung.android.vr.application.mode"
107-->[:unityLibrary] AndroidManifest.xml:101:13-67
108            android:value="vr_only" />
108-->[:unityLibrary] AndroidManifest.xml:102:13-36
109        <meta-data
109-->[:unityLibrary] AndroidManifest.xml:103:9-105:37
110            android:name="com.unity.xr.oculus.LowOverheadMode"
110-->[:unityLibrary] AndroidManifest.xml:104:13-63
111            android:value="false" />
111-->[:unityLibrary] AndroidManifest.xml:105:13-34
112        <meta-data
112-->[:unityLibrary] AndroidManifest.xml:106:9-108:37
113            android:name="com.unity.xr.oculus.LateLatching"
113-->[:unityLibrary] AndroidManifest.xml:107:13-60
114            android:value="false" />
114-->[:unityLibrary] AndroidManifest.xml:108:13-34
115        <meta-data
115-->[:unityLibrary] AndroidManifest.xml:109:9-111:37
116            android:name="com.unity.xr.oculus.LateLatchingDebug"
116-->[:unityLibrary] AndroidManifest.xml:110:13-65
117            android:value="false" />
117-->[:unityLibrary] AndroidManifest.xml:111:13-34
118        <meta-data
118-->[:unityLibrary] AndroidManifest.xml:112:9-114:44
119            android:name="com.oculus.supportedDevices"
119-->[:unityLibrary] AndroidManifest.xml:113:13-55
120            android:value="quest|quest2" />
120-->[:unityLibrary] AndroidManifest.xml:114:13-41
121    </application>
122
123</manifest>